Spark Command: /usr/lib/jvm/java-8-openjdk-amd64/jre/bin/java -cp /opt/spark-2.3.4-bin-hadoop2.7/conf/:/opt/spark-2.3.4-bin-hadoop2.7/jars/* -Xmx1g org.apache.spark.deploy.master.Master --host 0bf7f8fedfbc --port 7077 --webui-port 8080
========================================
2021-07-16 15:44:23 INFO  Master:2612 - Started daemon with process name: 1585@0bf7f8fedfbc
2021-07-16 15:44:23 INFO  SignalUtils:54 - Registered signal handler for TERM
2021-07-16 15:44:23 INFO  SignalUtils:54 - Registered signal handler for HUP
2021-07-16 15:44:23 INFO  SignalUtils:54 - Registered signal handler for INT
2021-07-16 15:44:25 WARN  NativeCodeLoader:62 - Unable to load native-hadoop library for your platform... using builtin-java classes where applicable
2021-07-16 15:44:26 INFO  SecurityManager:54 - Changing view acls to: root
2021-07-16 15:44:26 INFO  SecurityManager:54 - Changing modify acls to: root
2021-07-16 15:44:26 INFO  SecurityManager:54 - Changing view acls groups to: 
2021-07-16 15:44:26 INFO  SecurityManager:54 - Changing modify acls groups to: 
2021-07-16 15:44:26 INFO  SecurityManager:54 - SecurityManager: authentication disabled; ui acls disabled; users  with view permissions: Set(root); groups with view permissions: Set(); users  with modify permissions: Set(root); groups with modify permissions: Set()
2021-07-16 15:44:27 INFO  Utils:54 - Successfully started service 'sparkMaster' on port 7077.
2021-07-16 15:44:28 INFO  Master:54 - Starting Spark master at spark://0bf7f8fedfbc:7077
2021-07-16 15:44:28 INFO  Master:54 - Running Spark version 2.3.4
2021-07-16 15:44:28 INFO  log:192 - Logging initialized @7602ms
2021-07-16 15:44:28 INFO  Server:351 - jetty-9.3.z-SNAPSHOT, build timestamp: unknown, git hash: unknown
2021-07-16 15:44:28 INFO  Server:419 - Started @7891ms
2021-07-16 15:44:29 INFO  AbstractConnector:278 - Started ServerConnector@2c3989df{HTTP/1.1,[http/1.1]}{0.0.0.0:8080}
2021-07-16 15:44:29 INFO  Utils:54 - Successfully started service 'MasterUI' on port 8080.
2021-07-16 15:44:29 INFO  ContextHandler:781 - Started o.s.j.s.ServletContextHandler@72b40bd{/app,null,AVAILABLE,@Spark}
2021-07-16 15:44:29 INFO  ContextHandler:781 - Started o.s.j.s.ServletContextHandler@742243a3{/app/json,null,AVAILABLE,@Spark}
2021-07-16 15:44:29 INFO  ContextHandler:781 - Started o.s.j.s.ServletContextHandler@43d185ec{/,null,AVAILABLE,@Spark}
2021-07-16 15:44:29 INFO  ContextHandler:781 - Started o.s.j.s.ServletContextHandler@467c0867{/json,null,AVAILABLE,@Spark}
2021-07-16 15:44:29 INFO  ContextHandler:781 - Started o.s.j.s.ServletContextHandler@20a56450{/static,null,AVAILABLE,@Spark}
2021-07-16 15:44:29 INFO  ContextHandler:781 - Started o.s.j.s.ServletContextHandler@3dda25ae{/app/kill,null,AVAILABLE,@Spark}
2021-07-16 15:44:29 INFO  ContextHandler:781 - Started o.s.j.s.ServletContextHandler@fbc5b31{/driver/kill,null,AVAILABLE,@Spark}
2021-07-16 15:44:29 INFO  MasterWebUI:54 - Bound MasterWebUI to 0.0.0.0, and started at http://0bf7f8fedfbc:8080
2021-07-16 15:44:29 INFO  Server:351 - jetty-9.3.z-SNAPSHOT, build timestamp: unknown, git hash: unknown
2021-07-16 15:44:29 INFO  ContextHandler:781 - Started o.s.j.s.ServletContextHandler@1244be3c{/,null,AVAILABLE}
2021-07-16 15:44:29 INFO  AbstractConnector:278 - Started ServerConnector@2603b56a{HTTP/1.1,[http/1.1]}{0bf7f8fedfbc:6066}
2021-07-16 15:44:29 INFO  Server:419 - Started @8495ms
2021-07-16 15:44:29 INFO  Utils:54 - Successfully started service on port 6066.
2021-07-16 15:44:29 INFO  StandaloneRestServer:54 - Started REST server for submitting applications on port 6066
2021-07-16 15:44:30 INFO  ContextHandler:781 - Started o.s.j.s.ServletContextHandler@4b0749c2{/metrics/master/json,null,AVAILABLE,@Spark}
2021-07-16 15:44:30 INFO  ContextHandler:781 - Started o.s.j.s.ServletContextHandler@2810cdf1{/metrics/applications/json,null,AVAILABLE,@Spark}
2021-07-16 15:44:30 INFO  Master:54 - I have been elected leader! New state: ALIVE
